03:50:54.432 [ INFO] MAESTRO.logSystemInfo: ---- System Info ----
03:50:54.433 [ INFO] MAESTRO.logSystemInfo: Maestro Version: 1.41.0
03:50:54.434 [ INFO] MAESTRO.logSystemInfo: CI: Undefined
03:50:54.434 [ INFO] MAESTRO.logSystemInfo: OS Name: Mac OS X
03:50:54.434 [ INFO] MAESTRO.logSystemInfo: OS Version: 15.6
03:50:54.434 [ INFO] MAESTRO.logSystemInfo: Architecture: aarch64
03:50:54.434 [ INFO] MAESTRO.logSystemInfo: Java Version: 17
03:50:54.528 [DEBUG] io.micrometer.common.util.internal.logging.InternalLoggerFactory.newDefaultFactory: Using SLF4J as the default logging framework
03:50:54.534 [ INFO] MAESTRO.logSystemInfo: Xcode Version: 16.4
03:50:54.538 [ INFO] MAESTRO.logSystemInfo: Flutter Version: Undefined
03:50:54.543 [ INFO] MAESTRO.logSystemInfo: Flutter Channel: Undefined
03:50:54.543 [ INFO] MAESTRO.logSystemInfo: ---------------------
03:50:55.219 [ INFO] maestro.cli.command.TestCommand.runShardSuite: [shard 1] Selected device C858D24A-61DB-40B6-923A-FA927D210C85 using port 7001 with execution plan ExecutionPlan(flowsToRun=[/Users/umair.shaik/Projects/Practice/simple-expo/my-app/.maestro/flow.yaml], sequence=FlowSequence(flows=[], continueOnFailure=true), workspaceConfig=WorkspaceConfig(flows=null, includeTags=null, excludeTags=null, local=null, executionOrder=null, baselineBranch=null, notifications=null, disableRetries=false, platform=PlatformConfiguration(android=AndroidConfiguration(disableAnimations=false), ios=IOSConfiguration(disableAnimations=false, snapshotKeyHonorModalViews=null))))
03:50:55.516 [TRACE] ios.xctest.XCTestIOSDevice.open: Opening a connection
03:50:55.517 [TRACE] xcuitest.XCTestDriverClient.restartXCTestRunner: Restarting XCTest Runner (uninstalling, installing and starting)
03:50:55.517 [ INFO] xcuitest.installer.LocalXCTestInstaller.xcTestDriverStatusCheck: [Start] Perform XCUITest driver status check on C858D24A-61DB-40B6-923A-FA927D210C85
03:50:55.519 [ INFO] xcuitest.installer.LocalXCTestInstaller.xcTestDriverStatusCheck: [Failed] Perform XCUITest driver status check on C858D24A-61DB-40B6-923A-FA927D210C85, exception: java.net.ConnectException: Failed to connect to /127.0.0.1:7001
03:50:55.519 [TRACE] xcuitest.XCTestDriverClient.restartXCTestRunner: XCTest Runner uninstalled, will install and start it
03:50:55.519 [ INFO] xcuitest.installer.LocalXCTestInstaller.invoke: start()
03:50:55.519 [ INFO] xcuitest.installer.LocalXCTestInstaller.invoke: [Start] Install XCUITest runner on C858D24A-61DB-40B6-923A-FA927D210C85
03:50:55.519 [ INFO] xcuitest.installer.LocalXCTestInstaller.xcTestDriverStatusCheck: [Start] Perform XCUITest driver status check on C858D24A-61DB-40B6-923A-FA927D210C85
03:50:55.520 [ INFO] xcuitest.installer.LocalXCTestInstaller.xcTestDriverStatusCheck: [Failed] Perform XCUITest driver status check on C858D24A-61DB-40B6-923A-FA927D210C85, exception: java.net.ConnectException: Failed to connect to /127.0.0.1:7001
03:50:55.520 [ INFO] xcuitest.installer.IOSBuildProductsExtractor.extract: [Start] Writing build products
03:50:55.562 [ INFO] xcuitest.installer.IOSBuildProductsExtractor.extract: [Done] Writing build products
03:50:55.562 [ INFO] xcuitest.installer.IOSBuildProductsExtractor.extract: [Start] Writing maestro-driver-iosUITests-Runner app
03:50:55.743 [ INFO] xcuitest.installer.IOSBuildProductsExtractor.extract: [Done] Writing maestro-driver-iosUITests-Runner app
03:50:55.744 [ INFO] xcuitest.installer.IOSBuildProductsExtractor.extract: [Start] Writing maestro-driver-ios app
03:50:55.751 [ INFO] xcuitest.installer.IOSBuildProductsExtractor.extract: [Done] Writing maestro-driver-ios app
03:50:55.752 [ INFO] xcuitest.installer.LocalXCTestInstaller.startXCTestRunner: Installing driver with xcodebuild
03:50:55.752 [ INFO] xcuitest.installer.LocalXCTestInstaller.startXCTestRunner: [Start] Running XcUITest with `xcodebuild test-without-building` with 7001 and config: IOSDriverConfig(prebuiltRunner=false, sourceDirectory=driver-iPhoneSimulator, context=CLI, snapshotKeyHonorModalViews=null)
03:50:55.753 [ INFO] util.CommandLineUtils.runCommand: Running command line operation: [xcodebuild, test-without-building, -xctestrun, /var/folders/6f/hntw0h_d3g9533wrvxnm12pw0000gn/T/C858D24A-61DB-40B6-923A-FA927D210C853659496792074611301/maestro-driver-ios-config.xctestrun, -destination, id=C858D24A-61DB-40B6-923A-FA927D210C85, -derivedDataPath, /var/folders/6f/hntw0h_d3g9533wrvxnm12pw0000gn/T/maestro_xctestrunner_xcodebuild_output12910380457326139579] with {TEST_RUNNER_PORT=7001}
03:50:55.759 [ INFO] xcuitest.installer.LocalXCTestInstaller.startXCTestRunner: [Done] Running XcUITest with `xcodebuild test-without-building`
03:50:55.759 [ INFO] xcuitest.installer.LocalXCTestInstaller.invoke: [Done] Install XCUITest runner on C858D24A-61DB-40B6-923A-FA927D210C85
03:50:55.759 [ INFO] xcuitest.installer.LocalXCTestInstaller.xcTestDriverStatusCheck: [Start] Perform XCUITest driver status check on C858D24A-61DB-40B6-923A-FA927D210C85
03:50:55.759 [ INFO] xcuitest.installer.LocalXCTestInstaller.xcTestDriverStatusCheck: [Failed] Perform XCUITest driver status check on C858D24A-61DB-40B6-923A-FA927D210C85, exception: java.net.ConnectException: Failed to connect to /127.0.0.1:7001
03:50:56.265 [ INFO] xcuitest.installer.LocalXCTestInstaller.xcTestDriverStatusCheck: [Start] Perform XCUITest driver status check on C858D24A-61DB-40B6-923A-FA927D210C85
03:50:56.266 [ INFO] xcuitest.installer.LocalXCTestInstaller.xcTestDriverStatusCheck: [Failed] Perform XCUITest driver status check on C858D24A-61DB-40B6-923A-FA927D210C85, exception: java.net.ConnectException: Failed to connect to /127.0.0.1:7001
03:50:56.772 [ INFO] xcuitest.installer.LocalXCTestInstaller.xcTestDriverStatusCheck: [Start] Perform XCUITest driver status check on C858D24A-61DB-40B6-923A-FA927D210C85
03:50:56.773 [ INFO] xcuitest.installer.LocalXCTestInstaller.xcTestDriverStatusCheck: [Failed] Perform XCUITest driver status check on C858D24A-61DB-40B6-923A-FA927D210C85, exception: java.net.ConnectException: Failed to connect to /127.0.0.1:7001
03:50:57.278 [ INFO] xcuitest.installer.LocalXCTestInstaller.xcTestDriverStatusCheck: [Start] Perform XCUITest driver status check on C858D24A-61DB-40B6-923A-FA927D210C85
03:50:57.279 [ INFO] xcuitest.installer.LocalXCTestInstaller.xcTestDriverStatusCheck: [Failed] Perform XCUITest driver status check on C858D24A-61DB-40B6-923A-FA927D210C85, exception: java.net.ConnectException: Failed to connect to /127.0.0.1:7001
03:50:57.783 [ INFO] xcuitest.installer.LocalXCTestInstaller.xcTestDriverStatusCheck: [Start] Perform XCUITest driver status check on C858D24A-61DB-40B6-923A-FA927D210C85
03:50:57.785 [ INFO] xcuitest.installer.LocalXCTestInstaller.xcTestDriverStatusCheck: [Failed] Perform XCUITest driver status check on C858D24A-61DB-40B6-923A-FA927D210C85, exception: java.net.ConnectException: Failed to connect to /127.0.0.1:7001
03:50:58.291 [ INFO] xcuitest.installer.LocalXCTestInstaller.xcTestDriverStatusCheck: [Start] Perform XCUITest driver status check on C858D24A-61DB-40B6-923A-FA927D210C85
03:50:58.292 [ INFO] xcuitest.installer.LocalXCTestInstaller.xcTestDriverStatusCheck: [Failed] Perform XCUITest driver status check on C858D24A-61DB-40B6-923A-FA927D210C85, exception: java.net.ConnectException: Failed to connect to /127.0.0.1:7001
03:50:58.798 [ INFO] xcuitest.installer.LocalXCTestInstaller.xcTestDriverStatusCheck: [Start] Perform XCUITest driver status check on C858D24A-61DB-40B6-923A-FA927D210C85
03:50:58.811 [ INFO] xcuitest.installer.LocalXCTestInstaller.xcTestDriverStatusCheck: [Done] Perform XCUITest driver status check on C858D24A-61DB-40B6-923A-FA927D210C85
03:50:58.862 [ INFO] maestro.Maestro.invoke: Getting device info
03:50:59.024 [ INFO] ios.xctest.XCTestIOSDevice.invoke: Device info DeviceInfo(widthPixels=1179, heightPixels=2556, widthPoints=393, heightPoints=852)
03:50:59.025 [ INFO] maestro.Maestro.invoke: Got device info: DeviceInfo(platform=IOS, widthPixels=1179, heightPixels=2556, widthGrid=393, heightGrid=852)
03:50:59.108 [ INFO] maestro.cli.runner.MaestroCommandRunner.invoke: Define variables RUNNING
03:50:59.111 [ INFO] maestro.cli.runner.MaestroCommandRunner.invoke: Define variables metadata CommandMetadata(numberOfRuns=null, evaluatedCommand=MaestroCommand(defineVariablesCommand=DefineVariablesCommand(env={MAESTRO_FILENAME=flow}, label=null, optional=false)), logMessages=[], insight=Insight(message=, level=NONE), aiReasoning=null, labeledCommand=null)
03:50:59.113 [ INFO] maestro.cli.runner.MaestroCommandRunner.invoke: Define variables COMPLETED
03:50:59.114 [ INFO] maestro.cli.runner.MaestroCommandRunner.invoke: Apply configuration RUNNING
03:50:59.117 [ INFO] maestro.cli.runner.MaestroCommandRunner.invoke: Apply configuration metadata CommandMetadata(numberOfRuns=null, evaluatedCommand=MaestroCommand(applyConfigurationCommand=ApplyConfigurationCommand(config=MaestroConfig(appId=com.umairshaik.myapp, name=null, tags=[], ext={}, onFlowStart=null, onFlowComplete=null), label=null, optional=false)), logMessages=[], insight=Insight(message=, level=NONE), aiReasoning=null, labeledCommand=null)
03:50:59.121 [ INFO] maestro.cli.runner.MaestroCommandRunner.invoke: Apply configuration COMPLETED
03:50:59.122 [ INFO] maestro.cli.runner.MaestroCommandRunner.invoke: Launch app "com.umairshaik.myapp" with clear state RUNNING
03:50:59.126 [ INFO] maestro.cli.runner.MaestroCommandRunner.invoke: Launch app "com.umairshaik.myapp" with clear state metadata CommandMetadata(numberOfRuns=null, evaluatedCommand=MaestroCommand(launchAppCommand=LaunchAppCommand(appId=com.umairshaik.myapp, clearState=true, clearKeychain=null, stopApp=null, permissions=null, launchArguments=null, label=null, optional=false)), logMessages=[], insight=Insight(message=, level=NONE), aiReasoning=null, labeledCommand=null)
03:50:59.128 [ INFO] maestro.Maestro.clearAppState: Clearing app state com.umairshaik.myapp
03:50:59.128 [ INFO] util.LocalSimulatorUtils.clearAppState: Clearing app com.umairshaik.myapp state
03:50:59.128 [ INFO] util.LocalSimulatorUtils.terminate: [Start] Terminating app com.umairshaik.myapp
03:50:59.128 [ INFO] util.CommandLineUtils.runCommand: Running command line operation: [xcrun, simctl, terminate, C858D24A-61DB-40B6-923A-FA927D210C85, com.umairshaik.myapp] with {}
03:50:59.286 [ERROR] util.CommandLineUtils.runCommand: Process failed with exit code 3
03:50:59.286 [ERROR] util.CommandLineUtils.runCommand: Error output An error was encountered processing the command (domain=NSPOSIXErrorDomain, code=3):
Simulator device failed to terminate com.umairshaik.myapp.
found nothing to terminate
Underlying error (domain=NSPOSIXErrorDomain, code=3):
	The request to terminate "com.umairshaik.myapp" failed. found nothing to terminate
	found nothing to terminate

03:50:59.286 [ INFO] util.LocalSimulatorUtils.terminate: [Done] Terminating app com.umairshaik.myapp
03:50:59.826 [ERROR] maestro.orchestra.Orchestra.executeCommands: [Command execution] CommandFailed: Failed to get app binary directory for bundle com.umairshaik.myapp on device C858D24A-61DB-40B6-923A-FA927D210C85: An error was encountered processing the command (domain=NSPOSIXErrorDomain, code=2):
The operation couldnâ€™t be completed. No such file or directory
No such file or directory
03:50:59.828 [ INFO] maestro.Maestro.takeScreenshot: Taking screenshot
03:50:59.828 [TRACE] maestro.utils.ScreenshotUtils.takeScreenshot: Taking screenshot to output sink
03:51:23.057 [ INFO] xcuitest.installer.LocalXCTestInstaller.close: [Start] Cleaning up the ui test runner files
03:51:23.071 [ INFO] xcuitest.installer.LocalXCTestInstaller.xcTestDriverStatusCheck: [Start] Perform XCUITest driver status check on C858D24A-61DB-40B6-923A-FA927D210C85
03:51:23.088 [ INFO] xcuitest.installer.LocalXCTestInstaller.xcTestDriverStatusCheck: [Done] Perform XCUITest driver status check on C858D24A-61DB-40B6-923A-FA927D210C85
03:51:23.089 [TRACE] xcuitest.installer.LocalXCTestInstaller.invoke$killXCTestRunnerProcess: Will attempt to stop all alive XCTest Runner processes before uninstalling
03:51:23.089 [TRACE] xcuitest.installer.LocalXCTestInstaller.invoke$killXCTestRunnerProcess: XCTest Runner process started by us is alive, killing it
03:51:23.530 [TRACE] xcuitest.installer.LocalXCTestInstaller.invoke$killXCTestRunnerProcess: All XCTest Runner processes were stopped
03:51:23.531 [TRACE] xcuitest.installer.LocalXCTestInstaller.invoke: Uninstalling XCTest Runner from device C858D24A-61DB-40B6-923A-FA927D210C85
03:51:23.531 [ INFO] device.SimctlIOSDevice.close: [Start] Stop and uninstall the runner app
03:51:23.531 [ INFO] util.LocalSimulatorUtils.terminate: [Start] Terminating app dev.mobile.maestro-driver-iosUITests.xctrunner
03:51:23.531 [ INFO] util.CommandLineUtils.runCommand: Running command line operation: [xcrun, simctl, terminate, C858D24A-61DB-40B6-923A-FA927D210C85, dev.mobile.maestro-driver-iosUITests.xctrunner] with {}
03:51:23.676 [ERROR] util.CommandLineUtils.runCommand: Process failed with exit code 3
03:51:23.676 [ERROR] util.CommandLineUtils.runCommand: Error output An error was encountered processing the command (domain=NSPOSIXErrorDomain, code=3):
Simulator device failed to terminate dev.mobile.maestro-driver-iosUITests.xctrunner.
found nothing to terminate
Underlying error (domain=NSPOSIXErrorDomain, code=3):
	The request to terminate "dev.mobile.maestro-driver-iosUITests.xctrunner" failed. found nothing to terminate
	found nothing to terminate

03:51:23.677 [ INFO] util.LocalSimulatorUtils.terminate: [Done] Terminating app dev.mobile.maestro-driver-iosUITests.xctrunner
03:51:23.677 [ INFO] util.CommandLineUtils.runCommand: Running command line operation: [xcrun, simctl, uninstall, C858D24A-61DB-40B6-923A-FA927D210C85, dev.mobile.maestro-driver-iosUITests.xctrunner] with {}
03:51:23.858 [ INFO] device.SimctlIOSDevice.close: [Done] Stop and uninstall the runner app
03:51:23.858 [ INFO] xcuitest.installer.LocalXCTestInstaller.close: [Done] Cleaning up the ui test runner files
